#
# A fatal error has been detected by the Java Runtime Environment:
#
#  SIGSEGV (0xb) at pc=0x00007fff91f13f9f, pid=16493, tid=4355
#
# JRE version: 7.0_25-b15
# Java VM: Java HotSpot(TM) 64-Bit Server VM (23.25-b01 mixed mode bsd-amd64 compressed oops)
# Problematic frame:
# C  [GLEngine+0x15bf9f]  gleRunVertexSubmitImmediate+0x27ef
#
# Failed to write core dump. Core dumps have been disabled. To enable core dumping, try "ulimit -c unlimited" before starting Java again
#
# If you would like to submit a bug report, please visit:
#   http://bugreport.sun.com/bugreport/crash.jsp
# The crash happened outside the Java Virtual Machine in native code.
# See problematic frame for where to report the bug.
#

---------------  T H R E A D  ---------------

Current thread (0x00007ff313800800):  JavaThread "main" [_thread_in_native, id=4355, stack(0x0000000107aaa000,0x0000000107baa000)]

siginfo:si_signo=SIGSEGV: si_errno=0, si_code=1 (SEGV_MAPERR), si_addr=0x00000001194c5008

Registers:
RAX=0x00007fff91f13c5f, RBX=0x0000000000000006, RCX=0x00000001194c5000, RDX=0x00007fff91f14468
RSP=0x0000000107ba9400, RBP=0x0000000107ba9650, RSI=0x0000000000000006, RDI=0x0000000000000027
R8 =0x0000000000841800, R9 =0x00007ff316838e00, R10=0x00007ff317305880, R11=0x0000000000000000
R12=0x0000000000000003, R13=0x0000000000841800, R14=0x0000000000000000, R15=0x0000000000000000
RIP=0x00007fff91f13f9f, EFLAGS=0x0000000000010297, ERR=0x0000000000000004
  TRAPNO=0x000000000000000e

Top of Stack: (sp=0x0000000107ba9400)
0x0000000107ba9400:   00007fff74da6070 00007ff31497a230
0x0000000107ba9410:   0000000107ba95d0 0000123400102987
0x0000000107ba9420:   0000000000000004 00007fff74da6070
0x0000000107ba9430:   0000000107ba9590 00007fff91e9d078
0x0000000107ba9440:   0000000107ba9460 00001234000e6f1b
0x0000000107ba9450:   00007ff317717f00 00007ff314979400
0x0000000107ba9460:   0000000107ba9490 000000000009e420
0x0000000107ba9470:   00007ff314983688 0000000100002001
0x0000000107ba9480:   0000002000000000 0000000000000000
0x0000000107ba9490:   0000000113410420 00007ff31497d110
0x0000000107ba94a0:   0000000000000000 0000000000000001
0x0000000107ba94b0:   00447e0000e78006 007e7f1c7ffff3ef
0x0000000107ba94c0:   00007ff316839610 0000000000000000
0x0000000107ba94d0:   00007ff316838f40 00007ff316838f70
0x0000000107ba94e0:   00007ff316838f50 00007ff316838f80
0x0000000107ba94f0:   00007ff316838f60 00007ff316838fa0
0x0000000107ba9500:   0000000000000000 0000000000000000
0x0000000107ba9510:   fffffffe00000001 00007ff31497d110
0x0000000107ba9520:   0000000000001083 0000000000000001
0x0000000107ba9530:   ffffffff10008010 0000000000000001
0x0000000107ba9540:   00007ff316838f90 0000000000000006
0x0000000107ba9550:   7a00000300000000 00007ff316838e00
0x0000000107ba9560:   00000c3300000000 0000000000841800
0x0000000107ba9570:   0000000002106000 0000000000000000
0x0000000107ba9580:   0000000107ba95fc 0000000107ba9600
0x0000000107ba9590:   0000000107ba9604 00007ff3173057e8
0x0000000107ba95a0:   0000000000000800 0000000000002d89
0x0000000107ba95b0:   0000000000000000 00007ff3173057e8
0x0000000107ba95c0:   00007ff316838e00 0000000000000000
0x0000000107ba95d0:   0000000000000000 00007ff316838e00
0x0000000107ba95e0:   00000001194c5000 000000011bebd950
0x0000000107ba95f0:   000000011becff00 0000000119486000 

Instructions: (pc=0x00007fff91f13f9f)
0x00007fff91f13f7f:   c6 66 0f 6d c0 66 49 0f 7e c7 bb 05 00 00 00 e9
0x00007fff91f13f8f:   bd 02 00 00 4c 8b 31 4c 8b 79 08 e9 2c f9 ff ff
0x00007fff91f13f9f:   f3 0f 10 49 08 f2 0f 10 01 66 0f 14 c1 66 49 0f
0x00007fff91f13faf:   7e c6 66 0f 6d c0 66 49 0f 7e c7 e9 0c f9 ff ff 

Register to memory mapping:

RAX=0x00007fff91f13c5f: gleRunVertexSubmitImmediate+0x24af in /System/Library/Frameworks/OpenGL.framework/Versions/A/Resources/GLEngine.bundle/GLEngine at 0x00007fff91db8000
RBX=0x0000000000000006 is an unknown value
RCX=0x00000001194c5000 is an unknown value
RDX=0x00007fff91f14468: gleRunVertexSubmitImmediate+0x2cb8 in /System/Library/Frameworks/OpenGL.framework/Versions/A/Resources/GLEngine.bundle/GLEngine at 0x00007fff91db8000
RSP=0x0000000107ba9400 is pointing into the stack for thread: 0x00007ff313800800
RBP=0x0000000107ba9650 is pointing into the stack for thread: 0x00007ff313800800
RSI=0x0000000000000006 is an unknown value
RDI=0x0000000000000027 is an unknown value
R8 =0x0000000000841800 is an unknown value
R9 =0x00007ff316838e00 is an unknown value
R10=0x00007ff317305880 is an unknown value
R11=0x0000000000000000 is an unknown value
R12=0x0000000000000003 is an unknown value
R13=0x0000000000841800 is an unknown value
R14=0x0000000000000000 is an unknown value
R15=0x0000000000000000 is an unknown value


Stack: [0x0000000107aaa000,0x0000000107baa000],  sp=0x0000000107ba9400,  free space=1021k
Native frames: (J=compiled Java code, j=interpreted, Vv=VM code, C=native code)
C  [GLEngine+0x15bf9f]  gleRunVertexSubmitImmediate+0x27ef
C  [GLEngine+0xc6cbe]  glDrawElements_IMM_Exec+0x3ad
j  org.lwjgl.opengl.GL11.nglDrawElementsBO(IIIJJ)V+0
j  org.lwjgl.opengl.GL11.glDrawElements(IIIJ)V+28
j  cs4620.gl.Renderer.draw(Lcs4620/gl/RenderCamera;Ljava/util/ArrayList;)V+199
j  cs4620.scene.ViewScreen.draw(Lblister/GameTime;)V+124
j  blister.MainGame.onRenderFrame()V+30
j  blister.MainGame.run()V+30
j  cs4620.scene.SceneApp.main([Ljava/lang/String;)V+9
v  ~StubRoutines::call_stub
V  [libjvm.dylib+0x28a5c3]
V  [libjvm.dylib+0x28a390]
V  [libjvm.dylib+0x2a5e70]
V  [libjvm.dylib+0x29f1c8]
C  [java+0x317e]  JavaMain+0x91d
C  [libsystem_pthread.dylib+0x32fc]  _pthread_body+0x83
C  [libsystem_pthread.dylib+0x3279]  _pthread_body+0x0
C  [libsystem_pthread.dylib+0x14b1]  thread_start+0xd

Java frames: (J=compiled Java code, j=interpreted, Vv=VM code)
j  org.lwjgl.opengl.GL11.nglDrawElementsBO(IIIJJ)V+0
j  org.lwjgl.opengl.GL11.glDrawElements(IIIJ)V+28
j  cs4620.gl.Renderer.draw(Lcs4620/gl/RenderCamera;Ljava/util/ArrayList;)V+199
j  cs4620.scene.ViewScreen.draw(Lblister/GameTime;)V+124
j  blister.MainGame.onRenderFrame()V+30
j  blister.MainGame.run()V+30
j  cs4620.scene.SceneApp.main([Ljava/lang/String;)V+9
v  ~StubRoutines::call_stub

---------------  P R O C E S S  ---------------

Java Threads: ( => current thread )
  0x00007ff31192c800 JavaThread "Thread-3" [_thread_blocked, id=52483, stack(0x00000001178af000,0x00000001179af000)]
  0x00007ff313106800 JavaThread "TimerQueue" daemon [_thread_blocked, id=51011, stack(0x00000001168a6000,0x00000001169a6000)]
  0x00007ff311067000 JavaThread "AWT-EventQueue-0" [_thread_blocked, id=47675, stack(0x00000001126b7000,0x00000001127b7000)]
  0x00007ff31187a000 JavaThread "Java2D Disposer" daemon [_thread_blocked, id=46611, stack(0x0000000111f77000,0x0000000112077000)]
  0x00007ff314883000 JavaThread "Java2D Queue Flusher" daemon [_thread_blocked, id=44307, stack(0x00000001115ec000,0x00000001116ec000)]
  0x00007ff314857800 JavaThread "AWT-Shutdown" [_thread_blocked, id=15623, stack(0x000000010d263000,0x000000010d363000)]
  0x00007ff314844800 JavaThread "AppKit Thread" daemon [_thread_in_native, id=1299, stack(0x00007fff59ceb000,0x00007fff59d6b000)]
  0x00007ff311843800 JavaThread "Service Thread" daemon [_thread_blocked, id=13827, stack(0x000000010ce04000,0x000000010cf04000)]
  0x00007ff311842800 JavaThread "C2 CompilerThread1" daemon [_thread_blocked, id=13571, stack(0x000000010cd01000,0x000000010ce01000)]
  0x00007ff314818800 JavaThread "C2 CompilerThread0" daemon [_thread_blocked, id=13075, stack(0x000000010cbfe000,0x000000010ccfe000)]
  0x00007ff311841000 JavaThread "Signal Dispatcher" daemon [_thread_blocked, id=10263, stack(0x000000010cafb000,0x000000010cbfb000)]
  0x00007ff314801000 JavaThread "Finalizer" daemon [_thread_blocked, id=8707, stack(0x000000010b1b4000,0x000000010b2b4000)]
  0x00007ff314800000 JavaThread "Reference Handler" daemon [_thread_blocked, id=8451, stack(0x000000010b0b1000,0x000000010b1b1000)]
=>0x00007ff313800800 JavaThread "main" [_thread_in_native, id=4355, stack(0x0000000107aaa000,0x0000000107baa000)]

Other Threads:
  0x00007ff31080b800 VMThread [stack: 0x000000010afae000,0x000000010b0ae000] [id=8195]
  0x00007ff314812000 WatcherThread [stack: 0x000000010cf07000,0x000000010d007000] [id=14083]

VM state:not at safepoint (normal execution)

VM Mutex/Monitor currently owned by a thread: None

Heap
 def new generation   total 8384K, used 7545K [0x00000007f3000000, 0x00000007f3910000, 0x00000007f5a00000)
  eden space 7488K,  99% used [0x00000007f3000000, 0x00000007f374b910, 0x00000007f3750000)
  from space 896K,   8% used [0x00000007f3830000, 0x00000007f3842d90, 0x00000007f3910000)
  to   space 896K,   0% used [0x00000007f3750000, 0x00000007f3750000, 0x00000007f3830000)
 tenured generation   total 34808K, used 24833K [0x00000007f5a00000, 0x00000007f7bfe000, 0x00000007fae00000)
   the space 34808K,  71% used [0x00000007f5a00000, 0x00000007f7240520, 0x00000007f7240600, 0x00000007f7bfe000)
 compacting perm gen  total 21248K, used 17940K [0x00000007fae00000, 0x00000007fc2c0000, 0x0000000800000000)
   the space 21248K,  84% used [0x00000007fae00000, 0x00000007fbf85098, 0x00000007fbf85200, 0x00000007fc2c0000)
No shared spaces configured.

Card table byte_map: [0x000000010ac6c000,0x000000010acd5000] byte_map_base: 0x0000000106cd4000

Polling page: 0x0000000105fe7000

Code Cache  [0x0000000107bac000, 0x0000000107e1c000, 0x000000010abac000)
 total_blobs=1135 nmethods=558 adapters=529 free_code_cache=47386Kb largest_free_block=48446400

Compilation events (10 events):
Event: 37.430 Thread 0x00007ff314818800  567             sun.reflect.ClassFileAssembler::emitByte (11 bytes)
Event: 37.430 Thread 0x00007ff311842800  568             sun.reflect.ByteVectorImpl::add (38 bytes)
Event: 37.431 Thread 0x00007ff311842800 nmethod 568 0x0000000107d1f790 code [0x0000000107d1f8e0, 0x0000000107d1f9e8]
Event: 37.431 Thread 0x00007ff314818800 nmethod 567 0x0000000107d5b390 code [0x0000000107d5b4e0, 0x0000000107d5b628]
Event: 37.500 Thread 0x00007ff311842800  569             egl.GLTexture::setImage2D (157 bytes)
Event: 37.505 Thread 0x00007ff311842800 nmethod 569 0x0000000107d29ad0 code [0x0000000107d29ca0, 0x0000000107d2a140]
Event: 37.617 Thread 0x00007ff314818800  570             sun.misc.MetaIndex::mayContain (51 bytes)
Event: 37.622 Thread 0x00007ff314818800 nmethod 570 0x0000000107d2f3d0 code [0x0000000107d2f520, 0x0000000107d2f858]
Event: 37.624 Thread 0x00007ff311842800  571             java.lang.AbstractStringBuilder::append (144 bytes)
Event: 37.628 Thread 0x00007ff311842800 nmethod 571 0x0000000107d2ecd0 code [0x0000000107d2ee40, 0x0000000107d2f1c8]

GC Heap History (10 events):
Event: 37.492 GC heap before
{Heap before GC invocations=127 (full 8):
 def new generation   total 8384K, used 7893K [0x00000007f3000000, 0x00000007f3910000, 0x00000007f5a00000)
  eden space 7488K, 100% used [0x00000007f3000000, 0x00000007f3750000, 0x00000007f3750000)
  from space 896K,  45% used [0x00000007f3750000, 0x00000007f37b5650, 0x00000007f3830000)
  to   space 896K,   0% used [0x00000007f3830000, 0x00000007f3830000, 0x00000007f3910000)
 tenured generation   total 34808K, used 22561K [0x00000007f5a00000, 0x00000007f7bfe000, 0x00000007fae00000)
   the space 34808K,  64% used [0x00000007f5a00000, 0x00000007f70085a0, 0x00000007f7008600, 0x00000007f7bfe000)
 compacting perm gen  total 21248K, used 17880K [0x00000007fae00000, 0x00000007fc2c0000, 0x0000000800000000)
   the space 21248K,  84% used [0x00000007fae00000, 0x00000007fbf76238, 0x00000007fbf76400, 0x00000007fc2c0000)
No shared spaces configured.
Event: 37.495 GC heap after
Heap after GC invocations=128 (full 8):
 def new generation   total 8384K, used 332K [0x00000007f3000000, 0x00000007f3910000, 0x00000007f5a00000)
  eden space 7488K,   0% used [0x00000007f3000000, 0x00000007f3000000, 0x00000007f3750000)
  from space 896K,  37% used [0x00000007f3830000, 0x00000007f3883348, 0x00000007f3910000)
  to   space 896K,   0% used [0x00000007f3750000, 0x00000007f3750000, 0x00000007f3830000)
 tenured generation   total 34808K, used 24026K [0x00000007f5a00000, 0x00000007f7bfe000, 0x00000007fae00000)
   the space 34808K,  69% used [0x00000007f5a00000, 0x00000007f7176910, 0x00000007f7176a00, 0x00000007f7bfe000)
 compacting perm gen  total 21248K, used 17880K [0x00000007fae00000, 0x00000007fc2c0000, 0x0000000800000000)
   the space 21248K,  84% used [0x00000007fae00000, 0x00000007fbf76238, 0x00000007fbf76400, 0x00000007fc2c0000)
No shared spaces configured.
}
Event: 37.520 GC heap before
{Heap before GC invocations=128 (full 8):
 def new generation   total 8384K, used 7820K [0x00000007f3000000, 0x00000007f3910000, 0x00000007f5a00000)
  eden space 7488K, 100% used [0x00000007f3000000, 0x00000007f3750000, 0x00000007f3750000)
  from space 896K,  37% used [0x00000007f3830000, 0x00000007f3883348, 0x00000007f3910000)
  to   space 896K,   0% used [0x00000007f3750000, 0x00000007f3750000, 0x00000007f3830000)
 tenured generation   total 34808K, used 24026K [0x00000007f5a00000, 0x00000007f7bfe000, 0x00000007fae00000)
   the space 34808K,  69% used [0x00000007f5a00000, 0x00000007f7176910, 0x00000007f7176a00, 0x00000007f7bfe000)
 compacting perm gen  total 21248K, used 17880K [0x00000007fae00000, 0x00000007fc2c0000, 0x0000000800000000)
   the space 21248K,  84% used [0x00000007fae00000, 0x00000007fbf76238, 0x00000007fbf76400, 0x00000007fc2c0000)
No shared spaces configured.
Event: 37.522 GC heap after
Heap after GC invocations=129 (full 8):
 def new generation   total 8384K, used 313K [0x00000007f3000000, 0x00000007f3910000, 0x00000007f5a00000)
  eden space 7488K,   0% used [0x00000007f3000000, 0x00000007f3000000, 0x00000007f3750000)
  from space 896K,  34% used [0x00000007f3750000, 0x00000007f379e5b0, 0x00000007f3830000)
  to   space 896K,   0% used [0x00000007f3830000, 0x00000007f3830000, 0x00000007f3910000)
 tenured generation   total 34808K, used 24026K [0x00000007f5a00000, 0x00000007f7bfe000, 0x00000007fae00000)
   the space 34808K,  69% used [0x00000007f5a00000, 0x00000007f7176910, 0x00000007f7176a00, 0x00000007f7bfe000)
 compacting perm gen  total 21248K, used 17880K [0x00000007fae00000, 0x00000007fc2c0000, 0x0000000800000000)
   the space 21248K,  84% used [0x00000007fae00000, 0x00000007fbf76238, 0x00000007fbf76400, 0x00000007fc2c0000)
No shared spaces configured.
}
Event: 37.581 GC heap before
{Heap before GC invocations=129 (full 8):
 def new generation   total 8384K, used 7801K [0x00000007f3000000, 0x00000007f3910000, 0x00000007f5a00000)
  eden space 7488K, 100% used [0x00000007f3000000, 0x00000007f3750000, 0x00000007f3750000)
  from space 896K,  34% used [0x00000007f3750000, 0x00000007f379e5b0, 0x00000007f3830000)
  to   space 896K,   0% used [0x00000007f3830000, 0x00000007f3830000, 0x00000007f3910000)
 tenured generation   total 34808K, used 24026K [0x00000007f5a00000, 0x00000007f7bfe000, 0x00000007fae00000)
   the space 34808K,  69% used [0x00000007f5a00000, 0x00000007f7176910, 0x00000007f7176a00, 0x00000007f7bfe000)
 compacting perm gen  total 21248K, used 17936K [0x00000007fae00000, 0x00000007fc2c0000, 0x0000000800000000)
   the space 21248K,  84% used [0x00000007fae00000, 0x00000007fbf84190, 0x00000007fbf84200, 0x00000007fc2c0000)
No shared spaces configured.
Event: 37.583 GC heap after
Heap after GC invocations=130 (full 8):
 def new generation   total 8384K, used 808K [0x00000007f3000000, 0x00000007f3910000, 0x00000007f5a00000)
  eden space 7488K,   0% used [0x00000007f3000000, 0x00000007f3000000, 0x00000007f3750000)
  from space 896K,  90% used [0x00000007f3830000, 0x00000007f38fa348, 0x00000007f3910000)
  to   space 896K,   0% used [0x00000007f3750000, 0x00000007f3750000, 0x00000007f3830000)
 tenured generation   total 34808K, used 24026K [0x00000007f5a00000, 0x00000007f7bfe000, 0x00000007fae00000)
   the space 34808K,  69% used [0x00000007f5a00000, 0x00000007f7176910, 0x00000007f7176a00, 0x00000007f7bfe000)
 compacting perm gen  total 21248K, used 17936K [0x00000007fae00000, 0x00000007fc2c0000, 0x0000000800000000)
   the space 21248K,  84% used [0x00000007fae00000, 0x00000007fbf84190, 0x00000007fbf84200, 0x00000007fc2c0000)
No shared spaces configured.
}
Event: 37.596 GC heap before
{Heap before GC invocations=130 (full 8):
 def new generation   total 8384K, used 8296K [0x00000007f3000000, 0x00000007f3910000, 0x00000007f5a00000)
  eden space 7488K, 100% used [0x00000007f3000000, 0x00000007f3750000, 0x00000007f3750000)
  from space 896K,  90% used [0x00000007f3830000, 0x00000007f38fa348, 0x00000007f3910000)
  to   space 896K,   0% used [0x00000007f3750000, 0x00000007f3750000, 0x00000007f3830000)
 tenured generation   total 34808K, used 24026K [0x00000007f5a00000, 0x00000007f7bfe000, 0x00000007fae00000)
   the space 34808K,  69% used [0x00000007f5a00000, 0x00000007f7176910, 0x00000007f7176a00, 0x00000007f7bfe000)
 compacting perm gen  total 21248K, used 17936K [0x00000007fae00000, 0x00000007fc2c0000, 0x0000000800000000)
   the space 21248K,  84% used [0x00000007fae00000, 0x00000007fbf84190, 0x00000007fbf84200, 0x00000007fc2c0000)
No shared spaces configured.
Event: 37.598 GC heap after
Heap after GC invocations=131 (full 8):
 def new generation   total 8384K, used 0K [0x00000007f3000000, 0x00000007f3910000, 0x00000007f5a00000)
  eden space 7488K,   0% used [0x00000007f3000000, 0x00000007f3000000, 0x00000007f3750000)
  from space 896K,   0% used [0x00000007f3750000, 0x00000007f3750088, 0x00000007f3830000)
  to   space 896K,   0% used [0x00000007f3830000, 0x00000007f3830000, 0x00000007f3910000)
 tenured generation   total 34808K, used 24833K [0x00000007f5a00000, 0x00000007f7bfe000, 0x00000007fae00000)
   the space 34808K,  71% used [0x00000007f5a00000, 0x00000007f7240520, 0x00000007f7240600, 0x00000007f7bfe000)
 compacting perm gen  total 21248K, used 17936K [0x00000007fae00000, 0x00000007fc2c0000, 0x0000000800000000)
   the space 21248K,  84% used [0x00000007fae00000, 0x00000007fbf84190, 0x00000007fbf84200, 0x00000007fc2c0000)
No shared spaces configured.
}
Event: 37.631 GC heap before
{Heap before GC invocations=131 (full 8):
 def new generation   total 8384K, used 7488K [0x00000007f3000000, 0x00000007f3910000, 0x00000007f5a00000)
  eden space 7488K, 100% used [0x00000007f3000000, 0x00000007f3750000, 0x00000007f3750000)
  from space 896K,   0% used [0x00000007f3750000, 0x00000007f3750088, 0x00000007f3830000)
  to   space 896K,   0% used [0x00000007f3830000, 0x00000007f3830000, 0x00000007f3910000)
 tenured generation   total 34808K, used 24833K [0x00000007f5a00000, 0x00000007f7bfe000, 0x00000007fae00000)
   the space 34808K,  71% used [0x00000007f5a00000, 0x00000007f7240520, 0x00000007f7240600, 0x00000007f7bfe000)
 compacting perm gen  total 21248K, used 17940K [0x00000007fae00000, 0x00000007fc2c0000, 0x0000000800000000)
   the space 21248K,  84% used [0x00000007fae00000, 0x00000007fbf85098, 0x00000007fbf85200, 0x00000007fc2c0000)
No shared spaces configured.
Event: 37.632 GC heap after
Heap after GC invocations=132 (full 8):
 def new generation   total 8384K, used 75K [0x00000007f3000000, 0x00000007f3910000, 0x00000007f5a00000)
  eden space 7488K,   0% used [0x00000007f3000000, 0x00000007f3000000, 0x00000007f3750000)
  from space 896K,   8% used [0x00000007f3830000, 0x00000007f3842d90, 0x00000007f3910000)
  to   space 896K,   0% used [0x00000007f3750000, 0x00000007f3750000, 0x00000007f3830000)
 tenured generation   total 34808K, used 24833K [0x00000007f5a00000, 0x00000007f7bfe000, 0x00000007fae00000)
   the space 34808K,  71% used [0x00000007f5a00000, 0x00000007f7240520, 0x00000007f7240600, 0x00000007f7bfe000)
 compacting perm gen  total 21248K, used 17940K [0x00000007fae00000, 0x00000007fc2c0000, 0x0000000800000000)
   the space 21248K,  84% used [0x00000007fae00000, 0x00000007fbf85098, 0x00000007fbf85200, 0x00000007fc2c0000)
No shared spaces configured.
}

Deoptimization events (10 events):
Event: 30.547 Thread 0x00007ff311067000 Uncommon trap -83 fr.pc 0x0000000107d132d0
Event: 33.412 Thread 0x00007ff31192c800 Uncommon trap -34 fr.pc 0x0000000107d1c85c
Event: 33.412 Thread 0x00007ff31192c800 Uncommon trap -34 fr.pc 0x0000000107d1c85c
Event: 33.412 Thread 0x00007ff31192c800 Uncommon trap -83 fr.pc 0x0000000107d2efe0
Event: 33.412 Thread 0x00007ff31192c800 Uncommon trap -34 fr.pc 0x0000000107d1c85c
Event: 33.412 Thread 0x00007ff31192c800 Uncommon trap -34 fr.pc 0x0000000107d1c85c
Event: 33.412 Thread 0x00007ff31192c800 Uncommon trap -83 fr.pc 0x0000000107d29c80
Event: 33.413 Thread 0x00007ff31192c800 Uncommon trap -83 fr.pc 0x0000000107d22298
Event: 33.413 Thread 0x00007ff31192c800 Uncommon trap -83 fr.pc 0x0000000107d424bc
Event: 33.413 Thread 0x00007ff31192c800 Uncommon trap -83 fr.pc 0x0000000107d1f884

Internal exceptions (10 events):
Event: 37.430 Thread 0x00007ff311067000 Threw 0x00000007f34c04c8 at /HUDSON/workspace/jdk7u25-2-build-macosx-amd64-product/jdk7u25/hotspot/src/share/vm/prims/jvm.cpp:1235
Event: 37.432 Thread 0x00007ff311067000 Threw 0x00000007f34cf880 at /HUDSON/workspace/jdk7u25-2-build-macosx-amd64-product/jdk7u25/hotspot/src/share/vm/prims/jvm.cpp:1235
Event: 37.432 Thread 0x00007ff311067000 Threw 0x00000007f34d08b0 at /HUDSON/workspace/jdk7u25-2-build-macosx-amd64-product/jdk7u25/hotspot/src/share/vm/prims/jvm.cpp:1235
Event: 37.432 Thread 0x00007ff311067000 Threw 0x00000007f34d0ff0 at /HUDSON/workspace/jdk7u25-2-build-macosx-amd64-product/jdk7u25/hotspot/src/share/vm/prims/jvm.cpp:1235
Event: 37.432 Thread 0x00007ff311067000 Threw 0x00000007f34d2008 at /HUDSON/workspace/jdk7u25-2-build-macosx-amd64-product/jdk7u25/hotspot/src/share/vm/prims/jvm.cpp:1235
Event: 37.433 Thread 0x00007ff311067000 Threw 0x00000007f34d6308 at /HUDSON/workspace/jdk7u25-2-build-macosx-amd64-product/jdk7u25/hotspot/src/share/vm/prims/jvm.cpp:1235
Event: 37.433 Thread 0x00007ff311067000 Threw 0x00000007f34d7338 at /HUDSON/workspace/jdk7u25-2-build-macosx-amd64-product/jdk7u25/hotspot/src/share/vm/prims/jvm.cpp:1235
Event: 37.433 Thread 0x00007ff311067000 Threw 0x00000007f34d7a78 at /HUDSON/workspace/jdk7u25-2-build-macosx-amd64-product/jdk7u25/hotspot/src/share/vm/prims/jvm.cpp:1235
Event: 37.433 Thread 0x00007ff311067000 Threw 0x00000007f34d8a90 at /HUDSON/workspace/jdk7u25-2-build-macosx-amd64-product/jdk7u25/hotspot/src/share/vm/prims/jvm.cpp:1235
Event: 37.623 Thread 0x00007ff313800800 Threw 0x00000007f3603ac8 at /HUDSON/workspace/jdk7u25-2-build-macosx-amd64-product/jdk7u25/hotspot/src/share/vm/prims/jvm.cpp:1235

Events (10 events):
Event: 37.596 Executing VM operation: GenCollectForAllocation
Event: 37.598 Executing VM operation: GenCollectForAllocation done
Event: 37.623 loading class 0x00007ff317509ea0
Event: 37.623 loading class 0x00007ff317509ea0 done
Event: 37.631 Executing VM operation: GenCollectForAllocation
Event: 37.632 Executing VM operation: GenCollectForAllocation done
Event: 37.632 Executing VM operation: RevokeBias
Event: 37.632 Executing VM operation: RevokeBias done
Event: 37.632 Executing VM operation: RevokeBias
Event: 37.632 Executing VM operation: RevokeBias done


Dynamic libraries:
0x0000000002df6000 	/System/Library/Frameworks/Cocoa.framework/Versions/A/Cocoa
0x0000000002df6000 	/System/Library/Frameworks/Security.framework/Versions/A/Security
0x0000000002df6000 	/System/Library/Frameworks/ApplicationServices.framework/Versions/A/ApplicationServices
0x0000000002df6000 	/usr/lib/libz.1.dylib
0x0000000002df6000 	/usr/lib/libSystem.B.dylib
0x0000000002df6000 	/usr/lib/libobjc.A.dylib
0x0000000002df6000 	/System/Library/Frameworks/CoreFoundation.framework/Versions/A/CoreFoundation
0x0000000002df6000 	/System/Library/Frameworks/AppKit.framework/Versions/C/AppKit
0x0000000002df6000 	/System/Library/Frameworks/CoreData.framework/Versions/A/CoreData
0x0000000002df6000 	/System/Library/Frameworks/Foundation.framework/Versions/C/Foundation
0x0000000002df6000 	/System/Library/PrivateFrameworks/RemoteViewServices.framework/Versions/A/RemoteViewServices
0x0000000002df6000 	/System/Library/PrivateFrameworks/UIFoundation.framework/Versions/A/UIFoundation
0x0000000002df6000 	/System/Library/Frameworks/IOSurface.framework/Versions/A/IOSurface
0x0000000002df6000 	/System/Library/Frameworks/AudioToolbox.framework/Versions/A/AudioToolbox
0x0000000002df6000 	/System/Library/Frameworks/AudioUnit.framework/Versions/A/AudioUnit
0x0000000002df6000 	/System/Library/PrivateFrameworks/DataDetectorsCore.framework/Versions/A/DataDetectorsCore
0x0000000002df6000 	/System/Library/PrivateFrameworks/DesktopServicesPriv.framework/Versions/A/DesktopServicesPriv
0x0000000002df6000 	/System/Library/Frameworks/Carbon.framework/Versions/A/Frameworks/HIToolbox.framework/Versions/A/HIToolbox
0x0000000002df6000 	/System/Library/Frameworks/QuartzCore.framework/Versions/A/QuartzCore
0x0000000002df6000 	/System/Library/Frameworks/Carbon.framework/Versions/A/Frameworks/SpeechRecognition.framework/Versions/A/SpeechRecognition
0x0000000002df6000 	/usr/lib/libauto.dylib
0x0000000002df6000 	/usr/lib/libicucore.A.dylib
0x0000000002df6000 	/usr/lib/libxml2.2.dylib
0x0000000002df6000 	/System/Library/PrivateFrameworks/CoreUI.framework/Versions/A/CoreUI
0x0000000002df6000 	/System/Library/Frameworks/CoreAudio.framework/Versions/A/CoreAudio
0x0000000002df6000 	/System/Library/Frameworks/DiskArbitration.framework/Versions/A/DiskArbitration
0x0000000002df6000 	/usr/lib/liblangid.dylib
0x0000000002df6000 	/System/Library/PrivateFrameworks/MultitouchSupport.framework/Versions/A/MultitouchSupport
0x0000000002df6000 	/System/Library/Frameworks/IOKit.framework/Versions/A/IOKit
0x0000000002df6000 	/usr/lib/libDiagnosticMessagesClient.dylib
0x0000000002df6000 	/System/Library/Frameworks/CoreServices.framework/Versions/A/CoreServices
0x0000000002df6000 	/System/Library/PrivateFrameworks/PerformanceAnalysis.framework/Versions/A/PerformanceAnalysis
0x0000000002df6000 	/System/Library/PrivateFrameworks/GenerationalStorage.framework/Versions/A/GenerationalStorage
0x0000000002df6000 	/System/Library/Frameworks/OpenGL.framework/Versions/A/OpenGL
0x0000000002df6000 	/System/Library/PrivateFrameworks/Sharing.framework/Versions/A/Sharing
0x0000000002df6000 	/System/Library/Frameworks/CoreGraphics.framework/Versions/A/CoreGraphics
0x0000000002df6000 	/System/Library/Frameworks/CoreText.framework/Versions/A/CoreText
0x0000000002df6000 	/System/Library/Frameworks/ImageIO.framework/Versions/A/ImageIO
0x0000000002df6000 	/usr/lib/libextension.dylib
0x0000000002df6000 	/System/Library/PrivateFrameworks/Backup.framework/Versions/A/Backup
0x0000000002df6000 	/usr/lib/libarchive.2.dylib
0x0000000002df6000 	/System/Library/Frameworks/CFNetwork.framework/Versions/A/CFNetwork
0x0000000002df6000 	/System/Library/Frameworks/SystemConfiguration.framework/Versions/A/SystemConfiguration
0x0000000002df6000 	/usr/lib/libCRFSuite.dylib
0x0000000002df6000 	/usr/lib/libc++.1.dylib
0x0000000002df6000 	/usr/lib/libc++abi.dylib
0x0000000002df6000 	/usr/lib/system/libcache.dylib
0x0000000002df6000 	/usr/lib/system/libcommonCrypto.dylib
0x0000000002df6000 	/usr/lib/system/libcompiler_rt.dylib
0x0000000002df6000 	/usr/lib/system/libcopyfile.dylib
0x0000000002df6000 	/usr/lib/system/libcorecrypto.dylib
0x0000000002df6000 	/usr/lib/system/libdispatch.dylib
0x0000000002df6000 	/usr/lib/system/libdyld.dylib
0x0000000002df6000 	/usr/lib/system/libkeymgr.dylib
0x0000000002df6000 	/usr/lib/system/liblaunch.dylib
0x0000000002df6000 	/usr/lib/system/libmacho.dylib
0x0000000002df6000 	/usr/lib/system/libquarantine.dylib
0x0000000002df6000 	/usr/lib/system/libremovefile.dylib
0x0000000002df6000 	/usr/lib/system/libsystem_asl.dylib
0x0000000002df6000 	/usr/lib/system/libsystem_blocks.dylib
0x0000000002df6000 	/usr/lib/system/libsystem_c.dylib
0x0000000002df6000 	/usr/lib/system/libsystem_configuration.dylib
0x0000000002df6000 	/usr/lib/system/libsystem_coreservices.dylib
0x0000000002df6000 	/usr/lib/system/libsystem_coretls.dylib
0x0000000002df6000 	/usr/lib/system/libsystem_dnssd.dylib
0x0000000002df6000 	/usr/lib/system/libsystem_info.dylib
0x0000000002df6000 	/usr/lib/system/libsystem_kernel.dylib
0x0000000002df6000 	/usr/lib/system/libsystem_m.dylib
0x0000000002df6000 	/usr/lib/system/libsystem_malloc.dylib
0x0000000002df6000 	/usr/lib/system/libsystem_network.dylib
0x0000000002df6000 	/usr/lib/system/libsystem_networkextension.dylib
0x0000000002df6000 	/usr/lib/system/libsystem_notify.dylib
0x0000000002df6000 	/usr/lib/system/libsystem_platform.dylib
0x0000000002df6000 	/usr/lib/system/libsystem_pthread.dylib
0x0000000002df6000 	/usr/lib/system/libsystem_sandbox.dylib
0x0000000002df6000 	/usr/lib/system/libsystem_secinit.dylib
0x0000000002df6000 	/usr/lib/system/libsystem_stats.dylib
0x0000000002df6000 	/usr/lib/system/libsystem_trace.dylib
0x0000000002df6000 	/usr/lib/system/libunc.dylib
0x0000000002df6000 	/usr/lib/system/libunwind.dylib
0x0000000002df6000 	/usr/lib/system/libxpc.dylib
0x0000000002df6000 	/usr/lib/libbz2.1.0.dylib
0x0000000002df6000 	/usr/lib/liblzma.5.dylib
0x0000000002df6000 	/usr/lib/libbsm.0.dylib
0x0000000002df6000 	/usr/lib/libsqlite3.dylib
0x0000000002df6000 	/usr/lib/system/libkxld.dylib
0x0000000002df6000 	/usr/lib/libxar.1.dylib
0x0000000002df6000 	/usr/lib/libpam.2.dylib
0x0000000002df6000 	/usr/lib/libOpenScriptingUtil.dylib
0x0000000002df6000 	/System/Library/Frameworks/CoreServices.framework/Versions/A/Frameworks/FSEvents.framework/Versions/A/FSEvents
0x0000000002df6000 	/System/Library/Frameworks/CoreServices.framework/Versions/A/Frameworks/CarbonCore.framework/Versions/A/CarbonCore
0x0000000002df6000 	/System/Library/Frameworks/CoreServices.framework/Versions/A/Frameworks/Metadata.framework/Versions/A/Metadata
0x0000000002df6000 	/System/Library/Frameworks/CoreServices.framework/Versions/A/Frameworks/OSServices.framework/Versions/A/OSServices
0x0000000002df6000 	/System/Library/Frameworks/CoreServices.framework/Versions/A/Frameworks/SearchKit.framework/Versions/A/SearchKit
0x0000000002df6000 	/System/Library/Frameworks/CoreServices.framework/Versions/A/Frameworks/AE.framework/Versions/A/AE
0x0000000002df6000 	/System/Library/Frameworks/CoreServices.framework/Versions/A/Frameworks/LaunchServices.framework/Versions/A/LaunchServices
0x0000000002df6000 	/System/Library/Frameworks/CoreServices.framework/Versions/A/Frameworks/DictionaryServices.framework/Versions/A/DictionaryServices
0x0000000002df6000 	/System/Library/Frameworks/NetFS.framework/Versions/A/NetFS
0x0000000002df6000 	/System/Library/PrivateFrameworks/NetAuth.framework/Versions/A/NetAuth
0x0000000002df6000 	/System/Library/PrivateFrameworks/login.framework/Versions/A/Frameworks/loginsupport.framework/Versions/A/loginsupport
0x0000000002df6000 	/System/Library/PrivateFrameworks/TCC.framework/Versions/A/TCC
0x0000000002df6000 	/usr/lib/libmecabra.dylib
0x0000000002df6000 	/System/Library/PrivateFrameworks/LanguageModeling.framework/Versions/A/LanguageModeling
0x0000000002df6000 	/usr/lib/libcmph.dylib
0x0000000002df6000 	/usr/lib/libiconv.2.dylib
0x0000000002df6000 	/System/Library/Frameworks/OpenDirectory.framework/Versions/A/Frameworks/CFOpenDirectory.framework/Versions/A/CFOpenDirectory
0x0000000002df6000 	/System/Library/Frameworks/ServiceManagement.framework/Versions/A/ServiceManagement
0x0000000002df6000 	/usr/lib/libxslt.1.dylib
0x0000000002df6000 	/System/Library/Frameworks/Carbon.framework/Versions/A/Frameworks/Ink.framework/Versions/A/Ink
0x0000000002df6000 	/System/Library/Frameworks/ApplicationServices.framework/Versions/A/Frameworks/ATS.framework/Versions/A/ATS
0x0000000002df6000 	/System/Library/Frameworks/ApplicationServices.framework/Versions/A/Frameworks/ColorSync.framework/Versions/A/ColorSync
0x0000000002df6000 	/System/Library/Frameworks/ApplicationServices.framework/Versions/A/Frameworks/HIServices.framework/Versions/A/HIServices
0x0000000002df6000 	/System/Library/Frameworks/ApplicationServices.framework/Versions/A/Frameworks/LangAnalysis.framework/Versions/A/LangAnalysis
0x0000000002df6000 	/System/Library/Frameworks/ApplicationServices.framework/Versions/A/Frameworks/PrintCore.framework/Versions/A/PrintCore
0x0000000002df6000 	/System/Library/Frameworks/ApplicationServices.framework/Versions/A/Frameworks/QD.framework/Versions/A/QD
0x0000000002df6000 	/System/Library/Frameworks/ApplicationServices.framework/Versions/A/Frameworks/SpeechSynthesis.framework/Versions/A/SpeechSynthesis
0x0000000002df6000 	/System/Library/Frameworks/Accelerate.framework/Versions/A/Accelerate
0x0000000002df6000 	/System/Library/Frameworks/Accelerate.framework/Versions/A/Frameworks/vImage.framework/Versions/A/vImage
0x0000000002df6000 	/System/Library/Frameworks/Accelerate.framework/Versions/A/Frameworks/vecLib.framework/Versions/A/vecLib
0x0000000002df6000 	/System/Library/Frameworks/Accelerate.framework/Versions/A/Frameworks/vecLib.framework/Versions/A/libvDSP.dylib
0x0000000002df6000 	/System/Library/Frameworks/Accelerate.framework/Versions/A/Frameworks/vecLib.framework/Versions/A/libvMisc.dylib
0x0000000002df6000 	/System/Library/Frameworks/Accelerate.framework/Versions/A/Frameworks/vecLib.framework/Versions/A/libLAPACK.dylib
0x0000000002df6000 	/System/Library/Frameworks/Accelerate.framework/Versions/A/Frameworks/vecLib.framework/Versions/A/libBLAS.dylib
0x0000000002df6000 	/System/Library/Frameworks/Accelerate.framework/Versions/A/Frameworks/vecLib.framework/Versions/A/libLinearAlgebra.dylib
0x0000000002df6000 	/System/Library/Frameworks/ApplicationServices.framework/Versions/A/Frameworks/ATS.framework/Versions/A/Resources/libFontParser.dylib
0x0000000002df6000 	/System/Library/Frameworks/ApplicationServices.framework/Versions/A/Frameworks/ATS.framework/Versions/A/Resources/libFontRegistry.dylib
0x0000000002df6000 	/System/Library/PrivateFrameworks/AppleVPA.framework/Versions/A/AppleVPA
0x0000000002df6000 	/System/Library/PrivateFrameworks/AppleJPEG.framework/Versions/A/AppleJPEG
0x0000000002df6000 	/System/Library/Frameworks/ImageIO.framework/Versions/A/Resources/libJPEG.dylib
0x0000000002df6000 	/System/Library/Frameworks/ImageIO.framework/Versions/A/Resources/libTIFF.dylib
0x0000000002df6000 	/System/Library/Frameworks/ImageIO.framework/Versions/A/Resources/libPng.dylib
0x0000000002df6000 	/System/Library/Frameworks/ImageIO.framework/Versions/A/Resources/libGIF.dylib
0x0000000002df6000 	/System/Library/Frameworks/ImageIO.framework/Versions/A/Resources/libJP2.dylib
0x0000000002df6000 	/System/Library/Frameworks/ImageIO.framework/Versions/A/Resources/libRadiance.dylib
0x0000000002df6000 	/System/Library/Frameworks/CoreVideo.framework/Versions/A/CoreVideo
0x0000000002df6000 	/System/Library/Frameworks/OpenGL.framework/Versions/A/Libraries/libGLU.dylib
0x0000000002df6000 	/System/Library/Frameworks/OpenGL.framework/Versions/A/Libraries/libGFXShared.dylib
0x0000000002df6000 	/System/Library/Frameworks/OpenGL.framework/Versions/A/Libraries/libGL.dylib
0x0000000002df6000 	/System/Library/Frameworks/OpenGL.framework/Versions/A/Libraries/libGLImage.dylib
0x0000000002df6000 	/System/Library/Frameworks/OpenGL.framework/Versions/A/Libraries/libCVMSPluginSupport.dylib
0x0000000002df6000 	/System/Library/Frameworks/OpenGL.framework/Versions/A/Libraries/libCoreVMClient.dylib
0x0000000002df6000 	/usr/lib/libcups.2.dylib
0x0000000002df6000 	/System/Library/Frameworks/Kerberos.framework/Versions/A/Kerberos
0x0000000002df6000 	/System/Library/Frameworks/GSS.framework/Versions/A/GSS
0x0000000002df6000 	/usr/lib/libresolv.9.dylib
0x0000000002df6000 	/System/Library/PrivateFrameworks/Heimdal.framework/Versions/A/Heimdal
0x0000000002df6000 	/usr/lib/libheimdal-asn1.dylib
0x0000000002df6000 	/System/Library/Frameworks/OpenDirectory.framework/Versions/A/OpenDirectory
0x0000000002df6000 	/System/Library/PrivateFrameworks/CommonAuth.framework/Versions/A/CommonAuth
0x0000000002df6000 	/System/Library/Frameworks/SecurityFoundation.framework/Versions/A/SecurityFoundation
0x0000000002df6000 	/System/Library/Frameworks/QuartzCore.framework/Versions/A/Frameworks/CoreImage.framework/Versions/A/CoreImage
0x0000000002df6000 	/System/Library/PrivateFrameworks/CrashReporterSupport.framework/Versions/A/CrashReporterSupport
0x0000000002df6000 	/System/Library/Frameworks/OpenCL.framework/Versions/A/OpenCL
0x0000000002df6000 	/System/Library/PrivateFrameworks/FaceCore.framework/Versions/A/FaceCore
0x0000000002df6000 	/System/Library/PrivateFrameworks/Ubiquity.framework/Versions/A/Ubiquity
0x0000000002df6000 	/System/Library/PrivateFrameworks/IconServices.framework/Versions/A/IconServices
0x0000000002df6000 	/System/Library/PrivateFrameworks/ChunkingLibrary.framework/Versions/A/ChunkingLibrary
0x0000000002df6000 	/System/Library/PrivateFrameworks/Apple80211.framework/Versions/A/Apple80211
0x0000000002df6000 	/System/Library/Frameworks/CoreWLAN.framework/Versions/A/CoreWLAN
0x0000000002df6000 	/System/Library/Frameworks/IOBluetooth.framework/Versions/A/IOBluetooth
0x0000000002df6000 	/System/Library/PrivateFrameworks/CoreWiFi.framework/Versions/A/CoreWiFi
0x0000000002df6000 	/System/Library/Frameworks/CoreBluetooth.framework/Versions/A/CoreBluetooth
0x0000000002df6000 	/System/Library/PrivateFrameworks/DebugSymbols.framework/Versions/A/DebugSymbols
0x0000000002df6000 	/System/Library/PrivateFrameworks/CoreSymbolication.framework/Versions/A/CoreSymbolication
0x0000000002df6000 	/System/Library/PrivateFrameworks/Symbolication.framework/Versions/A/Symbolication
0x0000000002df6000 	/System/Library/PrivateFrameworks/SpeechRecognitionCore.framework/Versions/A/SpeechRecognitionCore
0x0000000107000000 	/Library/Java/JavaVirtualMachines/jdk1.7.0_25.jdk/Contents/Home/jre/lib/server/libjvm.dylib
0x0000000002df6000 	/usr/lib/libstdc++.6.dylib
0x0000000105faa000 	/Library/Java/JavaVirtualMachines/jdk1.7.0_25.jdk/Contents/Home/jre/lib/libverify.dylib
0x0000000105fb7000 	/Library/Java/JavaVirtualMachines/jdk1.7.0_25.jdk/Contents/Home/jre/lib/libjava.dylib
0x0000000105ff1000 	/Library/Java/JavaVirtualMachines/jdk1.7.0_25.jdk/Contents/Home/jre/lib/libzip.dylib
0x000000010b2b6000 	/System/Library/Frameworks/JavaVM.framework/Frameworks/JavaRuntimeSupport.framework/JavaRuntimeSupport
0x000000010b2cc000 	/System/Library/Frameworks/JavaVM.framework/Versions/A/Frameworks/JavaNativeFoundation.framework/Versions/A/JavaNativeFoundation
0x000000010b2e0000 	/System/Library/Frameworks/JavaVM.framework/Versions/A/JavaVM
0x0000000002df6000 	/System/Library/Frameworks/Carbon.framework/Versions/A/Carbon
0x000000010b2ec000 	/System/Library/PrivateFrameworks/JavaLaunching.framework/Versions/A/JavaLaunching
0x0000000002df6000 	/System/Library/Frameworks/Carbon.framework/Versions/A/Frameworks/CommonPanels.framework/Versions/A/CommonPanels
0x0000000002df6000 	/System/Library/Frameworks/Carbon.framework/Versions/A/Frameworks/Help.framework/Versions/A/Help
0x0000000002df6000 	/System/Library/Frameworks/Carbon.framework/Versions/A/Frameworks/ImageCapture.framework/Versions/A/ImageCapture
0x0000000002df6000 	/System/Library/Frameworks/Carbon.framework/Versions/A/Frameworks/OpenScripting.framework/Versions/A/OpenScripting
0x0000000002df6000 	/System/Library/Frameworks/Carbon.framework/Versions/A/Frameworks/Print.framework/Versions/A/Print
0x0000000002df6000 	/System/Library/Frameworks/Carbon.framework/Versions/A/Frameworks/SecurityHI.framework/Versions/A/SecurityHI
0x000000010d017000 	/Library/Java/JavaVirtualMachines/jdk1.7.0_25.jdk/Contents/Home/jre/lib/libawt.dylib
0x000000010d0c7000 	/Library/Java/JavaVirtualMachines/jdk1.7.0_25.jdk/Contents/Home/jre/lib/./libmlib_image.dylib
0x000000010d193000 	/Library/Java/JavaVirtualMachines/jdk1.7.0_25.jdk/Contents/Home/jre/lib/lwawt/liblwawt.dylib
0x000000010d246000 	/Library/Java/JavaVirtualMachines/jdk1.7.0_25.jdk/Contents/Home/jre/lib/libosxapp.dylib
0x0000000002df6000 	/System/Library/Frameworks/ExceptionHandling.framework/Versions/A/ExceptionHandling
0x0000000002df6000 	/System/Library/PrivateFrameworks/CoreServicesInternal.framework/Versions/A/CoreServicesInternal
0x0000000002df6000 	/System/Library/PrivateFrameworks/CloudDocs.framework/Versions/A/CloudDocs
0x0000000002df6000 	/System/Library/PrivateFrameworks/CoreDuet.framework/Versions/A/CoreDuet
0x0000000002df6000 	/System/Library/Frameworks/CloudKit.framework/Versions/A/CloudKit
0x0000000002df6000 	/System/Library/PrivateFrameworks/ProtocolBuffer.framework/Versions/A/ProtocolBuffer
0x0000000002df6000 	/System/Library/PrivateFrameworks/CoreDuetDaemonProtocol.framework/Versions/A/CoreDuetDaemonProtocol
0x0000000002df6000 	/System/Library/PrivateFrameworks/CoreDuetDebugLogging.framework/Versions/A/CoreDuetDebugLogging
0x0000000002df6000 	/System/Library/Frameworks/CoreLocation.framework/Versions/A/CoreLocation
0x0000000002df6000 	/System/Library/Frameworks/Accounts.framework/Versions/A/Accounts
0x0000000002df6000 	/System/Library/PrivateFrameworks/ApplePushService.framework/Versions/A/ApplePushService
0x0000000002df6000 	/System/Library/PrivateFrameworks/GeoServices.framework/Versions/A/GeoServices
0x0000000002df6000 	/System/Library/PrivateFrameworks/OAuth.framework/Versions/A/OAuth
0x0000000002df6000 	/System/Library/PrivateFrameworks/CoreDaemon.framework/Versions/B/CoreDaemon
0x0000000002df6000 	/usr/lib/libcrypto.0.9.8.dylib
0x0000000002df6000 	/System/Library/PrivateFrameworks/AppleSRP.framework/Versions/A/AppleSRP
0x0000000002df6000 	/System/Library/PrivateFrameworks/TrustEvaluationAgent.framework/Versions/A/TrustEvaluationAgent
0x0000000002df6000 	/System/Library/Frameworks/CoreGraphics.framework/Versions/A/Resources/libCGCMS.A.dylib
0x0000000002df6000 	/System/Library/Frameworks/CoreGraphics.framework/Versions/A/Resources/libRIP.A.dylib
0x0000000002df6000 	/System/Library/Frameworks/CoreGraphics.framework/Versions/A/Resources/libCGXType.A.dylib
0x0000000002df6000 	/System/Library/Frameworks/OpenCL.framework/Versions/A/Libraries/libcldcpuengine.dylib
0x0000000002df6000 	/System/Library/PrivateFrameworks/DiskImages.framework/Versions/A/DiskImages
0x0000000002df6000 	/System/Library/Frameworks/DiscRecording.framework/Versions/A/DiscRecording
0x0000000002df6000 	/usr/lib/libcsfde.dylib
0x0000000002df6000 	/usr/lib/libcurl.4.dylib
0x0000000002df6000 	/System/Library/PrivateFrameworks/MediaKit.framework/Versions/A/MediaKit
0x0000000002df6000 	/System/Library/PrivateFrameworks/ProtectedCloudStorage.framework/Versions/A/ProtectedCloudStorage
0x0000000002df6000 	/usr/lib/libCoreStorage.dylib
0x0000000002df6000 	/System/Library/PrivateFrameworks/EFILogin.framework/Versions/A/EFILogin
0x0000000002df6000 	/usr/lib/libutil.dylib
0x0000000002df6000 	/System/Library/PrivateFrameworks/FindMyDevice.framework/Versions/A/FindMyDevice
0x0000000002df6000 	/System/Library/Frameworks/LDAP.framework/Versions/A/LDAP
0x0000000002df6000 	/usr/lib/libsasl2.2.dylib
0x000000010ffd2000 	cl_kernels
0x000000010ffd4000 	/System/Library/Frameworks/OpenCL.framework/Versions/A/Libraries/ImageFormats/unorm8_bgra.dylib
0x000000010ffc4000 	cl_kernels
0x0000000002df6000 	/System/Library/PrivateFrameworks/FamilyControls.framework/Versions/A/FamilyControls
0x0000000002df6000 	/System/Library/PrivateFrameworks/CommerceKit.framework/Versions/A/Frameworks/CommerceCore.framework/Versions/A/CommerceCore
0x0000000002df6000 	/System/Library/PrivateFrameworks/SystemAdministration.framework/Versions/A/SystemAdministration
0x0000000002df6000 	/System/Library/PrivateFrameworks/AppContainer.framework/Versions/A/AppContainer
0x0000000002df6000 	/System/Library/PrivateFrameworks/SecCodeWrapper.framework/Versions/A/SecCodeWrapper
0x0000000002df6000 	/System/Library/Frameworks/DirectoryService.framework/Versions/A/DirectoryService
0x0000000002df6000 	/System/Library/PrivateFrameworks/LoginUIKit.framework/Versions/A/Frameworks/LoginUICore.framework/Versions/A/LoginUICore
0x0000000002df6000 	/usr/lib/libodfde.dylib
0x0000000111502000 	/Library/Java/JavaVirtualMachines/jdk1.7.0_25.jdk/Contents/Home/jre/lib/libfontmanager.dylib
0x000000011156c000 	/Users/MichaelHabib1/Documents/CS 4620/practicum/CS4620/deps/native/macosx/liblwjgl.jnilib
0x000000010f434000 	/Library/Java/JavaVirtualMachines/jdk1.7.0_25.jdk/Contents/Home/jre/lib/libjawt.dylib
0x0000000002df6000 	/System/Library/Frameworks/OpenGL.framework/Versions/A/Resources/GLEngine.bundle/GLEngine
0x0000000002df6000 	/System/Library/Frameworks/OpenGL.framework/Versions/A/Libraries/libGLProgrammability.dylib
0x0000000000000000 	/System/Library/Extensions/AppleIntelHD5000GraphicsGLDriver.bundle/Contents/MacOS/AppleIntelHD5000GraphicsGLDriver
0x0000000002df6000 	/System/Library/PrivateFrameworks/IOAccelerator.framework/Versions/A/IOAccelerator
0x0000000002df6000 	/System/Library/PrivateFrameworks/GPUSupport.framework/Versions/A/Libraries/libGPUSupportMercury.dylib
0x0000000002df6000 	/System/Library/Frameworks/OpenGL.framework/Versions/A/Resources/GLRendererFloat.bundle/GLRendererFloat
0x0000000112079000 	/Library/Java/JavaVirtualMachines/jdk1.7.0_25.jdk/Contents/Home/jre/lib/libosxui.dylib
0x000000011213b000 	/Library/Java/JavaVirtualMachines/jdk1.7.0_25.jdk/Contents/Home/jre/lib/libnet.dylib
0x0000000112334000 	/Library/Java/JavaVirtualMachines/jdk1.7.0_25.jdk/Contents/Home/jre/lib/libnio.dylib
0x0000000002df6000 	/System/Library/Frameworks/Accelerate.framework/Versions/A/Frameworks/vImage.framework/Versions/A/Libraries/libCGInterfaces.dylib
0x0000000002df6000 	/System/Library/PrivateFrameworks/FinderKit.framework/Versions/A/FinderKit
0x0000000002df6000 	/System/Library/PrivateFrameworks/Suggestions.framework/Versions/A/Suggestions
0x0000000002df6000 	/System/Library/Frameworks/Quartz.framework/Versions/A/Frameworks/QuickLookUI.framework/Versions/A/QuickLookUI
0x0000000002df6000 	/System/Library/Frameworks/Quartz.framework/Versions/A/Frameworks/ImageKit.framework/Versions/A/ImageKit
0x0000000002df6000 	/System/Library/PrivateFrameworks/Bom.framework/Versions/A/Bom
0x0000000002df6000 	/System/Library/Frameworks/QuickLook.framework/Versions/A/QuickLook
0x0000000002df6000 	/System/Library/PrivateFrameworks/AppleSystemInfo.framework/Versions/A/AppleSystemInfo
0x0000000002df6000 	/System/Library/Frameworks/ImageCaptureCore.framework/Versions/A/ImageCaptureCore
0x0000000002df6000 	/System/Library/Frameworks/AddressBook.framework/Versions/A/AddressBook
0x0000000002df6000 	/System/Library/PrivateFrameworks/IntlPreferences.framework/Versions/A/IntlPreferences
0x0000000002df6000 	/System/Library/PrivateFrameworks/ToneLibrary.framework/Versions/A/ToneLibrary
0x0000000002df6000 	/System/Library/PrivateFrameworks/ToneKit.framework/Versions/A/ToneKit
0x0000000002df6000 	/System/Library/PrivateFrameworks/vCard.framework/Versions/A/vCard
0x0000000002df6000 	/System/Library/PrivateFrameworks/ContactsData.framework/Versions/A/ContactsData
0x0000000002df6000 	/System/Library/PrivateFrameworks/ContactsFoundation.framework/Versions/A/ContactsFoundation
0x0000000002df6000 	/System/Library/Frameworks/SecurityInterface.framework/Versions/A/SecurityInterface
0x0000000002df6000 	/System/Library/PrivateFrameworks/PhoneNumbers.framework/Versions/A/PhoneNumbers
0x0000000002df6000 	/System/Library/Frameworks/Quartz.framework/Versions/A/Quartz
0x0000000002df6000 	/System/Library/Frameworks/AVFoundation.framework/Versions/A/AVFoundation
0x0000000002df6000 	/System/Library/Frameworks/AVFoundation.framework/Versions/A/Resources/libAVFAudio.dylib
0x0000000002df6000 	/System/Library/Frameworks/CoreMedia.framework/Versions/A/CoreMedia
0x0000000002df6000 	/System/Library/Frameworks/MediaToolbox.framework/Versions/A/MediaToolbox
0x0000000002df6000 	/System/Library/Frameworks/VideoToolbox.framework/Versions/A/VideoToolbox
0x0000000002df6000 	/System/Library/Frameworks/CoreMediaIO.framework/Versions/A/CoreMediaIO
0x0000000002df6000 	/System/Library/PrivateFrameworks/MediaControlSender.framework/Versions/A/MediaControlSender
0x0000000002df6000 	/System/Library/PrivateFrameworks/CoreAVCHD.framework/Versions/A/CoreAVCHD
0x0000000002df6000 	/System/Library/Frameworks/MediaAccessibility.framework/Versions/A/MediaAccessibility
0x0000000002df6000 	/System/Library/PrivateFrameworks/Mangrove.framework/Versions/A/Mangrove
0x0000000002df6000 	/System/Library/PrivateFrameworks/CoreAUC.framework/Versions/A/CoreAUC
0x0000000002df6000 	/System/Library/PrivateFrameworks/NetworkStatistics.framework/Versions/A/NetworkStatistics
0x0000000002df6000 	/System/Library/PrivateFrameworks/AirPlaySupport.framework/Versions/A/AirPlaySupport
0x0000000002df6000 	/System/Library/PrivateFrameworks/CoreUtils.framework/Versions/A/CoreUtils
0x0000000002df6000 	/System/Library/PrivateFrameworks/AppleVA.framework/Versions/A/AppleVA
0x0000000002df6000 	/System/Library/PrivateFrameworks/XPCService.framework/Versions/A/XPCService
0x0000000002df6000 	/System/Library/PrivateFrameworks/AppSandbox.framework/Versions/A/AppSandbox
0x0000000002df6000 	/usr/lib/libsandbox.1.dylib
0x0000000002df6000 	/usr/lib/libMatch.1.dylib
0x0000000002df6000 	/usr/lib/libspindump.dylib
0x0000000002df6000 	/System/Library/Frameworks/QTKit.framework/Versions/A/QTKit
0x0000000002df6000 	/System/Library/PrivateFrameworks/CoreMediaAuthoring.framework/Versions/A/CoreMediaAuthoring
0x0000000002df6000 	/System/Library/Frameworks/Quartz.framework/Versions/A/Frameworks/QuartzComposer.framework/Versions/A/QuartzComposer
0x0000000002df6000 	/System/Library/Frameworks/Quartz.framework/Versions/A/Frameworks/PDFKit.framework/Versions/A/PDFKit
0x0000000002df6000 	/System/Library/Frameworks/Quartz.framework/Versions/A/Frameworks/QuartzFilters.framework/Versions/A/QuartzFilters
0x0000000002df6000 	/System/Library/Frameworks/JavaScriptCore.framework/Versions/A/JavaScriptCore
0x0000000002df6000 	/System/Library/PrivateFrameworks/CorePDF.framework/Versions/A/CorePDF
0x0000000002df6000 	/System/Library/PrivateFrameworks/DisplayServices.framework/Versions/A/DisplayServices
0x0000000002df6000 	/System/Library/PrivateFrameworks/AppleFSCompression.framework/Versions/A/AppleFSCompression
0x000000011238c000 	/System/Library/PrivateFrameworks/CacheDelete.framework/CacheDelete
0x0000000002df6000 	/System/Library/PrivateFrameworks/PlugInKit.framework/Versions/A/PlugInKit
0x0000000119d9b000 	/System/Library/Frameworks/OpenCL.framework/Versions/A/Libraries/ImageFormats/unorm8_rgba.dylib
0x0000000116e71000 	cl_kernels
0x00000001194d5000 	cl_kernels
0x00000001194d9000 	cl_kernels
0x0000000002df6000 	/System/Library/CoreServices/RawCamera.bundle/Contents/MacOS/RawCamera
0x0000000119bb6000 	/System/Library/PrivateFrameworks/FileProvider.framework/FileProvider
0x000000011cd5f000 	/System/Library/Frameworks/Quartz.framework/Versions/A/Frameworks/QuickLookUI.framework/Versions/A/PlugIns/Text.qldisplay/Contents/MacOS/Text
0x0000000002df6000 	/System/Library/Frameworks/ApplicationServices.framework/Versions/A/Frameworks/ATS.framework/Versions/A/Resources/libTrueTypeScaler.dylib
0x000000010f270000 	/Library/Java/JavaVirtualMachines/jdk1.7.0_25.jdk/Contents/Home/jre/lib/libjpeg.dylib
0x0000000113472000 	/Library/Java/JavaVirtualMachines/jdk1.7.0_25.jdk/Contents/Home/jre/lib/libkcms.dylib

VM Arguments:
jvm_args: -Djava.library.path=/Users/MichaelHabib1/Documents/CS 4620/practicum/CS4620/deps/native/macosx -Dfile.encoding=US-ASCII 
java_command: cs4620.scene.SceneApp
Launcher Type: SUN_STANDARD

Environment Variables:
PATH=/usr/bin:/bin:/usr/sbin:/sbin
SHELL=/bin/bash

Signal Handlers:
SIGSEGV: [libjvm.dylib+0x4a820f], sa_mask[0]=0xfffefeff, sa_flags=0x00000042
SIGBUS: [libjvm.dylib+0x4a820f], sa_mask[0]=0xfffefeff, sa_flags=0x00000042
SIGFPE: [libjvm.dylib+0x3b7495], sa_mask[0]=0xfffefeff, sa_flags=0x00000042
SIGPIPE: [libjvm.dylib+0x3b7495], sa_mask[0]=0xfffefeff, sa_flags=0x00000042
SIGXFSZ: [libjvm.dylib+0x3b7495], sa_mask[0]=0xfffefeff, sa_flags=0x00000042
SIGILL: [libjvm.dylib+0x3b7495], sa_mask[0]=0xfffefeff, sa_flags=0x00000042
SIGUSR1: SIG_DFL, sa_mask[0]=0x00000000, sa_flags=0x00000000
SIGUSR2: [libjvm.dylib+0x3b702e], sa_mask[0]=0x00000004, sa_flags=0x00000042
SIGHUP: [libjvm.dylib+0x3b528f], sa_mask[0]=0xfffefeff, sa_flags=0x00000042
SIGINT: [libjvm.dylib+0x3b528f], sa_mask[0]=0xfffefeff, sa_flags=0x00000042
SIGTERM: [libjvm.dylib+0x3b528f], sa_mask[0]=0xfffefeff, sa_flags=0x00000042
SIGQUIT: [libjvm.dylib+0x3b528f], sa_mask[0]=0xfffefeff, sa_flags=0x00000042


---------------  S Y S T E M  ---------------

OS:Bsduname:Darwin 14.0.0 Darwin Kernel Version 14.0.0: Fri Sep 19 00:26:44 PDT 2014; root:xnu-2782.1.97~2/RELEASE_X86_64 x86_64
rlimit: STACK 8192k, CORE 0k, NPROC 709, NOFILE 10240, AS infinity
load average:2.40 2.28 2.24

CPU:total 8 (4 cores per cpu, 2 threads per core) family 6 model 70 stepping 1, cmov, cx8, fxsr, mmx, sse, sse2, sse3, ssse3, sse4.1, sse4.2, popcnt, avx, avx2, ht, tsc, tscinvbit

Memory: 4k page, physical 485076k(121269k free)

/proc/meminfo:


vm_info: Java HotSpot(TM) 64-Bit Server VM (23.25-b01) for bsd-amd64 JRE (1.7.0_25-b15), built on Jun  5 2013 22:26:36 by "java_re" with gcc 4.2.1 (Based on Apple Inc. build 5658) (LLVM build 2336.11.00)

time: Fri Nov  7 19:10:44 2014
elapsed time: 37 seconds

